{"numFailedTestSuites":1,"numFailedTests":1,"numPassedTestSuites":5,"numPassedTests":144,"numPendingTestSuites":0,"numPendingTests":0,"numRuntimeErrorTestSuites":0,"numTodoTests":0,"numTotalTestSuites":6,"numTotalTests":145,"openHandles":[],"snapshot":{"added":0,"didUpdate":false,"failure":false,"filesAdded":0,"filesRemoved":0,"filesRemovedList":[],"filesUnmatched":0,"filesUpdated":0,"matched":0,"total":0,"unchecked":0,"uncheckedKeysByFile":[],"unmatched":0,"updated":0},"startTime":1759716599906,"success":false,"testResults":[{"assertionResults":[{"ancestorTitles":["Conversation API Endpoints","POST /api/conversations"],"duration":168,"failureDetails":[],"failureMessages":[],"fullName":"Conversation API Endpoints POST /api/conversations should create a new conversation","invocations":1,"location":null,"numPassingAsserts":9,"retryReasons":[],"status":"passed","title":"should create a new conversation"},{"ancestorTitles":["Conversation API Endpoints","POST /api/conversations"],"duration":80,"failureDetails":[],"failureMessages":[],"fullName":"Conversation API Endpoints POST /api/conversations should require session ID","invocations":1,"location":null,"numPassingAsserts":3,"retryReasons":[],"status":"passed","title":"should require session ID"},{"ancestorTitles":["Conversation API Endpoints","POST /api/conversations"],"duration":34,"failureDetails":[],"failureMessages":[],"fullName":"Conversation API Endpoints POST /api/conversations should require API key","invocations":1,"location":null,"numPassingAsserts":3,"retryReasons":[],"status":"passed","title":"should require API key"},{"ancestorTitles":["Conversation API Endpoints","POST /api/conversations"],"duration":74,"failureDetails":[{}],"failureMessages":["Error: expected 400 \"Bad Request\", got 201 \"Created\"\n    at Object.<anonymous> (C:\\Users\\jiale\\OneDrive\\Documents\\Chat-engine\\tests\\api\\conversations.test.ts:62:10)\n    at Promise.then.completed (C:\\Users\\jiale\\OneDrive\\Documents\\Chat-engine\\node_modules\\jest-circus\\build\\utils.js:298:28)\n    at new Promise (<anonymous>)\n    at callAsyncCircusFn (C:\\Users\\jiale\\OneDrive\\Documents\\Chat-engine\\node_modules\\jest-circus\\build\\utils.js:231:10)\n    at _callCircusTest (C:\\Users\\jiale\\OneDrive\\Documents\\Chat-engine\\node_modules\\jest-circus\\build\\run.js:316:40)\n    at processTicksAndRejections (node:internal/process/task_queues:105:5)\n    at _runTest (C:\\Users\\jiale\\OneDrive\\Documents\\Chat-engine\\node_modules\\jest-circus\\build\\run.js:252:3)\n    at _runTestsForDescribeBlock (C:\\Users\\jiale\\OneDrive\\Documents\\Chat-engine\\node_modules\\jest-circus\\build\\run.js:126:9)\n    at _runTestsForDescribeBlock (C:\\Users\\jiale\\OneDrive\\Documents\\Chat-engine\\node_modules\\jest-circus\\build\\run.js:121:9)\n    at _runTestsForDescribeBlock (C:\\Users\\jiale\\OneDrive\\Documents\\Chat-engine\\node_modules\\jest-circus\\build\\run.js:121:9)\n    at run (C:\\Users\\jiale\\OneDrive\\Documents\\Chat-engine\\node_modules\\jest-circus\\build\\run.js:71:3)\n    at runAndTransformResultsToJestFormat (C:\\Users\\jiale\\OneDrive\\Documents\\Chat-engine\\node_modules\\jest-circus\\build\\legacy-code-todo-rewrite\\jestAdapterInit.js:122:21)\n    at jestAdapter (C:\\Users\\jiale\\OneDrive\\Documents\\Chat-engine\\node_modules\\jest-circus\\build\\legacy-code-todo-rewrite\\jestAdapter.js:79:19)\n    at runTestInternal (C:\\Users\\jiale\\OneDrive\\Documents\\Chat-engine\\node_modules\\jest-runner\\build\\runTest.js:367:16)\n    at runTest (C:\\Users\\jiale\\OneDrive\\Documents\\Chat-engine\\node_modules\\jest-runner\\build\\runTest.js:444:34)\n----\n    at Test._assertStatus (C:\\Users\\jiale\\OneDrive\\Documents\\Chat-engine\\node_modules\\supertest\\lib\\test.js:252:14)\n    at C:\\Users\\jiale\\OneDrive\\Documents\\Chat-engine\\node_modules\\supertest\\lib\\test.js:308:13\n    at Test._assertFunction (C:\\Users\\jiale\\OneDrive\\Documents\\Chat-engine\\node_modules\\supertest\\lib\\test.js:285:13)\n    at Test.assert (C:\\Users\\jiale\\OneDrive\\Documents\\Chat-engine\\node_modules\\supertest\\lib\\test.js:164:23)\n    at Server.localAssert (C:\\Users\\jiale\\OneDrive\\Documents\\Chat-engine\\node_modules\\supertest\\lib\\test.js:120:14)\n    at Object.onceWrapper (node:events:632:28)\n    at Server.emit (node:events:518:28)\n    at emitCloseNT (node:net:2419:8)\n    at processTicksAndRejections (node:internal/process/task_queues:89:21)"],"fullName":"Conversation API Endpoints POST /api/conversations should validate required fields","invocations":1,"location":null,"numPassingAsserts":0,"retryReasons":[],"status":"failed","title":"should validate required fields"},{"ancestorTitles":["Conversation API Endpoints","GET /api/conversations/:conversationId"],"duration":76,"failureDetails":[],"failureMessages":[],"fullName":"Conversation API Endpoints GET /api/conversations/:conversationId should get conversation by ID","invocations":1,"location":null,"numPassingAsserts":8,"retryReasons":[],"status":"passed","title":"should get conversation by ID"},{"ancestorTitles":["Conversation API Endpoints","GET /api/conversations/:conversationId"],"duration":70,"failureDetails":[],"failureMessages":[],"fullName":"Conversation API Endpoints GET /api/conversations/:conversationId should include messages in response","invocations":1,"location":null,"numPassingAsserts":1,"retryReasons":[],"status":"passed","title":"should include messages in response"},{"ancestorTitles":["Conversation API Endpoints","GET /api/conversations/:conversationId"],"duration":62,"failureDetails":[],"failureMessages":[],"fullName":"Conversation API Endpoints GET /api/conversations/:conversationId should require session ID","invocations":1,"location":null,"numPassingAsserts":3,"retryReasons":[],"status":"passed","title":"should require session ID"},{"ancestorTitles":["Conversation API Endpoints","GET /api/conversations/:conversationId"],"duration":54,"failureDetails":[],"failureMessages":[],"fullName":"Conversation API Endpoints GET /api/conversations/:conversationId should require API key","invocations":1,"location":null,"numPassingAsserts":3,"retryReasons":[],"status":"passed","title":"should require API key"},{"ancestorTitles":["Conversation API Endpoints","GET /api/conversations/:conversationId"],"duration":76,"failureDetails":[],"failureMessages":[],"fullName":"Conversation API Endpoints GET /api/conversations/:conversationId should return 404 for non-existent conversation","invocations":1,"location":null,"numPassingAsserts":4,"retryReasons":[],"status":"passed","title":"should return 404 for non-existent conversation"},{"ancestorTitles":["Conversation API Endpoints","POST /api/conversations/:conversationId/messages"],"duration":100,"failureDetails":[],"failureMessages":[],"fullName":"Conversation API Endpoints POST /api/conversations/:conversationId/messages should add a message to conversation","invocations":1,"location":null,"numPassingAsserts":8,"retryReasons":[],"status":"passed","title":"should add a message to conversation"},{"ancestorTitles":["Conversation API Endpoints","POST /api/conversations/:conversationId/messages"],"duration":97,"failureDetails":[],"failureMessages":[],"fullName":"Conversation API Endpoints POST /api/conversations/:conversationId/messages should generate AI response for user messages","invocations":1,"location":null,"numPassingAsserts":3,"retryReasons":[],"status":"passed","title":"should generate AI response for user messages"},{"ancestorTitles":["Conversation API Endpoints","POST /api/conversations/:conversationId/messages"],"duration":74,"failureDetails":[],"failureMessages":[],"fullName":"Conversation API Endpoints POST /api/conversations/:conversationId/messages should require session ID","invocations":1,"location":null,"numPassingAsserts":3,"retryReasons":[],"status":"passed","title":"should require session ID"},{"ancestorTitles":["Conversation API Endpoints","POST /api/conversations/:conversationId/messages"],"duration":49,"failureDetails":[],"failureMessages":[],"fullName":"Conversation API Endpoints POST /api/conversations/:conversationId/messages should require API key","invocations":1,"location":null,"numPassingAsserts":3,"retryReasons":[],"status":"passed","title":"should require API key"},{"ancestorTitles":["Conversation API Endpoints","POST /api/conversations/:conversationId/messages"],"duration":62,"failureDetails":[],"failureMessages":[],"fullName":"Conversation API Endpoints POST /api/conversations/:conversationId/messages should validate message content","invocations":1,"location":null,"numPassingAsserts":3,"retryReasons":[],"status":"passed","title":"should validate message content"},{"ancestorTitles":["Conversation API Endpoints","POST /api/conversations/:conversationId/messages/stream"],"duration":247,"failureDetails":[],"failureMessages":[],"fullName":"Conversation API Endpoints POST /api/conversations/:conversationId/messages/stream should start streaming response","invocations":1,"location":null,"numPassingAsserts":3,"retryReasons":[],"status":"passed","title":"should start streaming response"},{"ancestorTitles":["Conversation API Endpoints","POST /api/conversations/:conversationId/messages/stream"],"duration":62,"failureDetails":[],"failureMessages":[],"fullName":"Conversation API Endpoints POST /api/conversations/:conversationId/messages/stream should require session ID","invocations":1,"location":null,"numPassingAsserts":3,"retryReasons":[],"status":"passed","title":"should require session ID"},{"ancestorTitles":["Conversation API Endpoints","POST /api/conversations/:conversationId/messages/stream"],"duration":53,"failureDetails":[],"failureMessages":[],"fullName":"Conversation API Endpoints POST /api/conversations/:conversationId/messages/stream should require API key","invocations":1,"location":null,"numPassingAsserts":3,"retryReasons":[],"status":"passed","title":"should require API key"},{"ancestorTitles":["Conversation API Endpoints","GET /api/conversations"],"duration":80,"failureDetails":[],"failureMessages":[],"fullName":"Conversation API Endpoints GET /api/conversations should get conversations for session","invocations":1,"location":null,"numPassingAsserts":3,"retryReasons":[],"status":"passed","title":"should get conversations for session"},{"ancestorTitles":["Conversation API Endpoints","GET /api/conversations"],"duration":76,"failureDetails":[],"failureMessages":[],"fullName":"Conversation API Endpoints GET /api/conversations should support pagination","invocations":1,"location":null,"numPassingAsserts":3,"retryReasons":[],"status":"passed","title":"should support pagination"},{"ancestorTitles":["Conversation API Endpoints","GET /api/conversations"],"duration":68,"failureDetails":[],"failureMessages":[],"fullName":"Conversation API Endpoints GET /api/conversations should require session ID","invocations":1,"location":null,"numPassingAsserts":3,"retryReasons":[],"status":"passed","title":"should require session ID"},{"ancestorTitles":["Conversation API Endpoints","GET /api/conversations"],"duration":60,"failureDetails":[],"failureMessages":[],"fullName":"Conversation API Endpoints GET /api/conversations should require API key","invocations":1,"location":null,"numPassingAsserts":3,"retryReasons":[],"status":"passed","title":"should require API key"},{"ancestorTitles":["Conversation API Endpoints","PUT /api/conversations/:conversationId"],"duration":85,"failureDetails":[],"failureMessages":[],"fullName":"Conversation API Endpoints PUT /api/conversations/:conversationId should update conversation title","invocations":1,"location":null,"numPassingAsserts":5,"retryReasons":[],"status":"passed","title":"should update conversation title"},{"ancestorTitles":["Conversation API Endpoints","PUT /api/conversations/:conversationId"],"duration":62,"failureDetails":[],"failureMessages":[],"fullName":"Conversation API Endpoints PUT /api/conversations/:conversationId should require session ID","invocations":1,"location":null,"numPassingAsserts":3,"retryReasons":[],"status":"passed","title":"should require session ID"},{"ancestorTitles":["Conversation API Endpoints","PUT /api/conversations/:conversationId"],"duration":53,"failureDetails":[],"failureMessages":[],"fullName":"Conversation API Endpoints PUT /api/conversations/:conversationId should require API key","invocations":1,"location":null,"numPassingAsserts":3,"retryReasons":[],"status":"passed","title":"should require API key"},{"ancestorTitles":["Conversation API Endpoints","DELETE /api/conversations/:conversationId"],"duration":101,"failureDetails":[],"failureMessages":[],"fullName":"Conversation API Endpoints DELETE /api/conversations/:conversationId should archive conversation","invocations":1,"location":null,"numPassingAsserts":1,"retryReasons":[],"status":"passed","title":"should archive conversation"},{"ancestorTitles":["Conversation API Endpoints","DELETE /api/conversations/:conversationId"],"duration":70,"failureDetails":[],"failureMessages":[],"fullName":"Conversation API Endpoints DELETE /api/conversations/:conversationId should require session ID","invocations":1,"location":null,"numPassingAsserts":3,"retryReasons":[],"status":"passed","title":"should require session ID"},{"ancestorTitles":["Conversation API Endpoints","DELETE /api/conversations/:conversationId"],"duration":57,"failureDetails":[],"failureMessages":[],"fullName":"Conversation API Endpoints DELETE /api/conversations/:conversationId should require API key","invocations":1,"location":null,"numPassingAsserts":3,"retryReasons":[],"status":"passed","title":"should require API key"},{"ancestorTitles":["Conversation API Endpoints","GET /api/conversations/stats"],"duration":65,"failureDetails":[],"failureMessages":[],"fullName":"Conversation API Endpoints GET /api/conversations/stats should return conversation statistics","invocations":1,"location":null,"numPassingAsserts":3,"retryReasons":[],"status":"passed","title":"should return conversation statistics"},{"ancestorTitles":["Conversation API Endpoints","GET /api/conversations/stats"],"duration":44,"failureDetails":[],"failureMessages":[],"fullName":"Conversation API Endpoints GET /api/conversations/stats should require API key","invocations":1,"location":null,"numPassingAsserts":3,"retryReasons":[],"status":"passed","title":"should require API key"},{"ancestorTitles":["Conversation API Endpoints","GET /api/conversations/health"],"duration":51,"failureDetails":[],"failureMessages":[],"fullName":"Conversation API Endpoints GET /api/conversations/health should return conversation service health","invocations":1,"location":null,"numPassingAsserts":4,"retryReasons":[],"status":"passed","title":"should return conversation service health"}],"endTime":1759716606176,"message":"\u001b[1m\u001b[31m  \u001b[1m● \u001b[22m\u001b[1mConversation API Endpoints › POST /api/conversations › should validate required fields\u001b[39m\u001b[22m\n\n    expected 400 \"Bad Request\", got 201 \"Created\"\n\u001b[2m\u001b[22m\n\u001b[2m    \u001b[0m \u001b[90m 60 |\u001b[39m         \u001b[33m.\u001b[39m\u001b[36mset\u001b[39m(\u001b[32m'X-API-Key'\u001b[39m\u001b[33m,\u001b[39m \u001b[32m'test-api-key'\u001b[39m)\u001b[22m\n\u001b[2m     \u001b[90m 61 |\u001b[39m         \u001b[33m.\u001b[39msend({})\u001b[22m\n\u001b[2m    \u001b[31m\u001b[1m>\u001b[22m\u001b[2m\u001b[39m\u001b[90m 62 |\u001b[39m         \u001b[33m.\u001b[39mexpect(\u001b[35m400\u001b[39m)\u001b[33m;\u001b[39m\u001b[22m\n\u001b[2m     \u001b[90m    |\u001b[39m          \u001b[31m\u001b[1m^\u001b[22m\u001b[2m\u001b[39m\u001b[22m\n\u001b[2m     \u001b[90m 63 |\u001b[39m\u001b[22m\n\u001b[2m     \u001b[90m 64 |\u001b[39m       testHelper\u001b[33m.\u001b[39mvalidateErrorResponse(response\u001b[33m,\u001b[39m \u001b[35m400\u001b[39m)\u001b[33m;\u001b[39m\u001b[22m\n\u001b[2m     \u001b[90m 65 |\u001b[39m     })\u001b[33m;\u001b[39m\u001b[0m\u001b[22m\n\u001b[2m\u001b[22m\n\u001b[2m      \u001b[2mat Object.<anonymous> (\u001b[22m\u001b[2m\u001b[0m\u001b[36mtests/api/conversations.test.ts\u001b[39m\u001b[0m\u001b[2m:62:10)\u001b[22m\u001b[2m\u001b[22m\n\u001b[2m      ----\u001b[22m\n\u001b[2m      \u001b[2mat Test._assertStatus (\u001b[22m\u001b[2mnode_modules/supertest/lib/test.js\u001b[2m:252:14)\u001b[22m\u001b[2m\u001b[22m\n\u001b[2m      \u001b[2mat \u001b[22m\u001b[2mnode_modules/supertest/lib/test.js\u001b[2m:308:13\u001b[22m\u001b[2m\u001b[22m\n\u001b[2m      \u001b[2mat Test._assertFunction (\u001b[22m\u001b[2mnode_modules/supertest/lib/test.js\u001b[2m:285:13)\u001b[22m\u001b[2m\u001b[22m\n\u001b[2m      \u001b[2mat Test.assert (\u001b[22m\u001b[2mnode_modules/supertest/lib/test.js\u001b[2m:164:23)\u001b[22m\u001b[2m\u001b[22m\n\u001b[2m      \u001b[2mat Server.localAssert (\u001b[22m\u001b[2mnode_modules/supertest/lib/test.js\u001b[2m:120:14)\u001b[22m\u001b[2m\u001b[22m\n","name":"C:\\Users\\jiale\\OneDrive\\Documents\\Chat-engine\\tests\\api\\conversations.test.ts","startTime":1759716600169,"status":"failed","summary":""},{"assertionResults":[{"ancestorTitles":["SSE API Endpoints","GET /api/sse/events"],"duration":3072,"failureDetails":[],"failureMessages":[],"fullName":"SSE API Endpoints GET /api/sse/events should establish SSE connection","invocations":1,"location":null,"numPassingAsserts":0,"retryReasons":[],"status":"passed","title":"should establish SSE connection"},{"ancestorTitles":["SSE API Endpoints","GET /api/sse/events"],"duration":3045,"failureDetails":[],"failureMessages":[],"fullName":"SSE API Endpoints GET /api/sse/events should send initial connection event","invocations":1,"location":null,"numPassingAsserts":0,"retryReasons":[],"status":"passed","title":"should send initial connection event"},{"ancestorTitles":["SSE API Endpoints","GET /api/sse/events"],"duration":3053,"failureDetails":[],"failureMessages":[],"fullName":"SSE API Endpoints GET /api/sse/events should accept any session ID","invocations":1,"location":null,"numPassingAsserts":0,"retryReasons":[],"status":"passed","title":"should accept any session ID"},{"ancestorTitles":["SSE API Endpoints","GET /api/sse/events"],"duration":48,"failureDetails":[],"failureMessages":[],"fullName":"SSE API Endpoints GET /api/sse/events should require API key","invocations":1,"location":null,"numPassingAsserts":3,"retryReasons":[],"status":"passed","title":"should require API key"},{"ancestorTitles":["SSE API Endpoints","GET /api/sse/events"],"duration":2071,"failureDetails":[],"failureMessages":[],"fullName":"SSE API Endpoints GET /api/sse/events should handle multiple concurrent connections","invocations":1,"location":null,"numPassingAsserts":0,"retryReasons":[],"status":"passed","title":"should handle multiple concurrent connections"},{"ancestorTitles":["SSE API Endpoints","POST /api/sse/broadcast"],"duration":57,"failureDetails":[],"failureMessages":[],"fullName":"SSE API Endpoints POST /api/sse/broadcast should broadcast message to all connections","invocations":1,"location":null,"numPassingAsserts":2,"retryReasons":[],"status":"passed","title":"should broadcast message to all connections"},{"ancestorTitles":["SSE API Endpoints","POST /api/sse/broadcast"],"duration":62,"failureDetails":[],"failureMessages":[],"fullName":"SSE API Endpoints POST /api/sse/broadcast should validate broadcast data","invocations":1,"location":null,"numPassingAsserts":3,"retryReasons":[],"status":"passed","title":"should validate broadcast data"},{"ancestorTitles":["SSE API Endpoints","POST /api/sse/broadcast"],"duration":50,"failureDetails":[],"failureMessages":[],"fullName":"SSE API Endpoints POST /api/sse/broadcast should require API key","invocations":1,"location":null,"numPassingAsserts":3,"retryReasons":[],"status":"passed","title":"should require API key"},{"ancestorTitles":["SSE API Endpoints","POST /api/sse/broadcast"],"duration":70,"failureDetails":[],"failureMessages":[],"fullName":"SSE API Endpoints POST /api/sse/broadcast should validate event type","invocations":1,"location":null,"numPassingAsserts":3,"retryReasons":[],"status":"passed","title":"should validate event type"},{"ancestorTitles":["SSE API Endpoints","POST /api/sse/send/:sessionId"],"duration":67,"failureDetails":[],"failureMessages":[],"fullName":"SSE API Endpoints POST /api/sse/send/:sessionId should send message to specific session","invocations":1,"location":null,"numPassingAsserts":3,"retryReasons":[],"status":"passed","title":"should send message to specific session"},{"ancestorTitles":["SSE API Endpoints","POST /api/sse/send/:sessionId"],"duration":58,"failureDetails":[],"failureMessages":[],"fullName":"SSE API Endpoints POST /api/sse/send/:sessionId should validate session ID","invocations":1,"location":null,"numPassingAsserts":3,"retryReasons":[],"status":"passed","title":"should validate session ID"},{"ancestorTitles":["SSE API Endpoints","POST /api/sse/send/:sessionId"],"duration":33,"failureDetails":[],"failureMessages":[],"fullName":"SSE API Endpoints POST /api/sse/send/:sessionId should require API key","invocations":1,"location":null,"numPassingAsserts":3,"retryReasons":[],"status":"passed","title":"should require API key"},{"ancestorTitles":["SSE API Endpoints","POST /api/sse/send/:sessionId"],"duration":58,"failureDetails":[],"failureMessages":[],"fullName":"SSE API Endpoints POST /api/sse/send/:sessionId should handle non-existent session gracefully","invocations":1,"location":null,"numPassingAsserts":2,"retryReasons":[],"status":"passed","title":"should handle non-existent session gracefully"},{"ancestorTitles":["SSE API Endpoints","GET /api/sse/connections"],"duration":54,"failureDetails":[],"failureMessages":[],"fullName":"SSE API Endpoints GET /api/sse/connections should return active connections count","invocations":1,"location":null,"numPassingAsserts":4,"retryReasons":[],"status":"passed","title":"should return active connections count"},{"ancestorTitles":["SSE API Endpoints","GET /api/sse/connections"],"duration":57,"failureDetails":[],"failureMessages":[],"fullName":"SSE API Endpoints GET /api/sse/connections should include connection details","invocations":1,"location":null,"numPassingAsserts":2,"retryReasons":[],"status":"passed","title":"should include connection details"},{"ancestorTitles":["SSE API Endpoints","GET /api/sse/connections"],"duration":47,"failureDetails":[],"failureMessages":[],"fullName":"SSE API Endpoints GET /api/sse/connections should require API key","invocations":1,"location":null,"numPassingAsserts":3,"retryReasons":[],"status":"passed","title":"should require API key"},{"ancestorTitles":["SSE API Endpoints","DELETE /api/sse/connections/:sessionId"],"duration":61,"failureDetails":[],"failureMessages":[],"fullName":"SSE API Endpoints DELETE /api/sse/connections/:sessionId should close connections for session","invocations":1,"location":null,"numPassingAsserts":2,"retryReasons":[],"status":"passed","title":"should close connections for session"},{"ancestorTitles":["SSE API Endpoints","DELETE /api/sse/connections/:sessionId"],"duration":56,"failureDetails":[],"failureMessages":[],"fullName":"SSE API Endpoints DELETE /api/sse/connections/:sessionId should validate session ID","invocations":1,"location":null,"numPassingAsserts":3,"retryReasons":[],"status":"passed","title":"should validate session ID"},{"ancestorTitles":["SSE API Endpoints","DELETE /api/sse/connections/:sessionId"],"duration":41,"failureDetails":[],"failureMessages":[],"fullName":"SSE API Endpoints DELETE /api/sse/connections/:sessionId should require API key","invocations":1,"location":null,"numPassingAsserts":3,"retryReasons":[],"status":"passed","title":"should require API key"},{"ancestorTitles":["SSE API Endpoints","DELETE /api/sse/connections/:sessionId"],"duration":63,"failureDetails":[],"failureMessages":[],"fullName":"SSE API Endpoints DELETE /api/sse/connections/:sessionId should handle non-existent session gracefully","invocations":1,"location":null,"numPassingAsserts":2,"retryReasons":[],"status":"passed","title":"should handle non-existent session gracefully"},{"ancestorTitles":["SSE API Endpoints","SSE Event Types"],"duration":54,"failureDetails":[],"failureMessages":[],"fullName":"SSE API Endpoints SSE Event Types should handle job status events","invocations":1,"location":null,"numPassingAsserts":1,"retryReasons":[],"status":"passed","title":"should handle job status events"},{"ancestorTitles":["SSE API Endpoints","SSE Event Types"],"duration":57,"failureDetails":[],"failureMessages":[],"fullName":"SSE API Endpoints SSE Event Types should handle document processing events","invocations":1,"location":null,"numPassingAsserts":1,"retryReasons":[],"status":"passed","title":"should handle document processing events"},{"ancestorTitles":["SSE API Endpoints","SSE Event Types"],"duration":65,"failureDetails":[],"failureMessages":[],"fullName":"SSE API Endpoints SSE Event Types should handle conversation events","invocations":1,"location":null,"numPassingAsserts":1,"retryReasons":[],"status":"passed","title":"should handle conversation events"},{"ancestorTitles":["SSE API Endpoints","SSE Event Types"],"duration":64,"failureDetails":[],"failureMessages":[],"fullName":"SSE API Endpoints SSE Event Types should handle error events","invocations":1,"location":null,"numPassingAsserts":1,"retryReasons":[],"status":"passed","title":"should handle error events"},{"ancestorTitles":["SSE API Endpoints","GET /api/sse/health"],"duration":40,"failureDetails":[],"failureMessages":[],"fullName":"SSE API Endpoints GET /api/sse/health should return SSE service health","invocations":1,"location":null,"numPassingAsserts":4,"retryReasons":[],"status":"passed","title":"should return SSE service health"},{"ancestorTitles":["SSE API Endpoints","GET /api/sse/health"],"duration":39,"failureDetails":[],"failureMessages":[],"fullName":"SSE API Endpoints GET /api/sse/health should include connection metrics","invocations":1,"location":null,"numPassingAsserts":3,"retryReasons":[],"status":"passed","title":"should include connection metrics"}],"endTime":1759716619536,"message":"","name":"C:\\Users\\jiale\\OneDrive\\Documents\\Chat-engine\\tests\\api\\sse.test.ts","startTime":1759716606188,"status":"passed","summary":""},{"assertionResults":[{"ancestorTitles":["Document API Endpoints","POST /api/documents/upload"],"duration":144,"failureDetails":[],"failureMessages":[],"fullName":"Document API Endpoints POST /api/documents/upload should upload document successfully","invocations":1,"location":null,"numPassingAsserts":9,"retryReasons":[],"status":"passed","title":"should upload document successfully"},{"ancestorTitles":["Document API Endpoints","POST /api/documents/upload"],"duration":104,"failureDetails":[],"failureMessages":[],"fullName":"Document API Endpoints POST /api/documents/upload should validate file type","invocations":1,"location":null,"numPassingAsserts":4,"retryReasons":[],"status":"passed","title":"should validate file type"},{"ancestorTitles":["Document API Endpoints","POST /api/documents/upload"],"duration":215,"failureDetails":[],"failureMessages":[],"fullName":"Document API Endpoints POST /api/documents/upload should validate file size","invocations":1,"location":null,"numPassingAsserts":4,"retryReasons":[],"status":"passed","title":"should validate file size"},{"ancestorTitles":["Document API Endpoints","POST /api/documents/upload"],"duration":109,"failureDetails":[],"failureMessages":[],"fullName":"Document API Endpoints POST /api/documents/upload should require session ID","invocations":1,"location":null,"numPassingAsserts":3,"retryReasons":[],"status":"passed","title":"should require session ID"},{"ancestorTitles":["Document API Endpoints","POST /api/documents/upload"],"duration":43,"failureDetails":[],"failureMessages":[],"fullName":"Document API Endpoints POST /api/documents/upload should require API key","invocations":1,"location":null,"numPassingAsserts":3,"retryReasons":[],"status":"passed","title":"should require API key"},{"ancestorTitles":["Document API Endpoints","POST /api/documents/upload"],"duration":82,"failureDetails":[],"failureMessages":[],"fullName":"Document API Endpoints POST /api/documents/upload should require document type","invocations":1,"location":null,"numPassingAsserts":3,"retryReasons":[],"status":"passed","title":"should require document type"},{"ancestorTitles":["Document API Endpoints","POST /api/documents/upload"],"duration":1159,"failureDetails":[],"failureMessages":[],"fullName":"Document API Endpoints POST /api/documents/upload should process document after upload","invocations":1,"location":null,"numPassingAsserts":1,"retryReasons":[],"status":"passed","title":"should process document after upload"},{"ancestorTitles":["Document API Endpoints","GET /api/documents/:documentId"],"duration":79,"failureDetails":[],"failureMessages":[],"fullName":"Document API Endpoints GET /api/documents/:documentId should get document by ID","invocations":1,"location":null,"numPassingAsserts":4,"retryReasons":[],"status":"passed","title":"should get document by ID"},{"ancestorTitles":["Document API Endpoints","GET /api/documents/:documentId"],"duration":127,"failureDetails":[],"failureMessages":[],"fullName":"Document API Endpoints GET /api/documents/:documentId should include metadata in response","invocations":1,"location":null,"numPassingAsserts":2,"retryReasons":[],"status":"passed","title":"should include metadata in response"},{"ancestorTitles":["Document API Endpoints","GET /api/documents/:documentId"],"duration":82,"failureDetails":[],"failureMessages":[],"fullName":"Document API Endpoints GET /api/documents/:documentId should require session ID","invocations":1,"location":null,"numPassingAsserts":3,"retryReasons":[],"status":"passed","title":"should require session ID"},{"ancestorTitles":["Document API Endpoints","GET /api/documents/:documentId"],"duration":48,"failureDetails":[],"failureMessages":[],"fullName":"Document API Endpoints GET /api/documents/:documentId should require API key","invocations":1,"location":null,"numPassingAsserts":3,"retryReasons":[],"status":"passed","title":"should require API key"},{"ancestorTitles":["Document API Endpoints","GET /api/documents/:documentId"],"duration":86,"failureDetails":[],"failureMessages":[],"fullName":"Document API Endpoints GET /api/documents/:documentId should return 404 for non-existent document","invocations":1,"location":null,"numPassingAsserts":4,"retryReasons":[],"status":"passed","title":"should return 404 for non-existent document"},{"ancestorTitles":["Document API Endpoints","GET /api/documents"],"duration":97,"failureDetails":[],"failureMessages":[],"fullName":"Document API Endpoints GET /api/documents should get documents for session","invocations":1,"location":null,"numPassingAsserts":3,"retryReasons":[],"status":"passed","title":"should get documents for session"},{"ancestorTitles":["Document API Endpoints","GET /api/documents"],"duration":95,"failureDetails":[],"failureMessages":[],"fullName":"Document API Endpoints GET /api/documents should support pagination","invocations":1,"location":null,"numPassingAsserts":3,"retryReasons":[],"status":"passed","title":"should support pagination"},{"ancestorTitles":["Document API Endpoints","GET /api/documents"],"duration":102,"failureDetails":[],"failureMessages":[],"fullName":"Document API Endpoints GET /api/documents should filter by document type","invocations":1,"location":null,"numPassingAsserts":3,"retryReasons":[],"status":"passed","title":"should filter by document type"},{"ancestorTitles":["Document API Endpoints","GET /api/documents"],"duration":99,"failureDetails":[],"failureMessages":[],"fullName":"Document API Endpoints GET /api/documents should filter by status","invocations":1,"location":null,"numPassingAsserts":3,"retryReasons":[],"status":"passed","title":"should filter by status"},{"ancestorTitles":["Document API Endpoints","GET /api/documents"],"duration":71,"failureDetails":[],"failureMessages":[],"fullName":"Document API Endpoints GET /api/documents should require session ID","invocations":1,"location":null,"numPassingAsserts":3,"retryReasons":[],"status":"passed","title":"should require session ID"},{"ancestorTitles":["Document API Endpoints","GET /api/documents"],"duration":57,"failureDetails":[],"failureMessages":[],"fullName":"Document API Endpoints GET /api/documents should require API key","invocations":1,"location":null,"numPassingAsserts":3,"retryReasons":[],"status":"passed","title":"should require API key"},{"ancestorTitles":["Document API Endpoints","DELETE /api/documents/:documentId"],"duration":144,"failureDetails":[],"failureMessages":[],"fullName":"Document API Endpoints DELETE /api/documents/:documentId should delete document","invocations":1,"location":null,"numPassingAsserts":1,"retryReasons":[],"status":"passed","title":"should delete document"},{"ancestorTitles":["Document API Endpoints","DELETE /api/documents/:documentId"],"duration":69,"failureDetails":[],"failureMessages":[],"fullName":"Document API Endpoints DELETE /api/documents/:documentId should require session ID","invocations":1,"location":null,"numPassingAsserts":3,"retryReasons":[],"status":"passed","title":"should require session ID"},{"ancestorTitles":["Document API Endpoints","DELETE /api/documents/:documentId"],"duration":44,"failureDetails":[],"failureMessages":[],"fullName":"Document API Endpoints DELETE /api/documents/:documentId should require API key","invocations":1,"location":null,"numPassingAsserts":3,"retryReasons":[],"status":"passed","title":"should require API key"},{"ancestorTitles":["Document API Endpoints","DELETE /api/documents/:documentId"],"duration":79,"failureDetails":[],"failureMessages":[],"fullName":"Document API Endpoints DELETE /api/documents/:documentId should return 404 for non-existent document","invocations":1,"location":null,"numPassingAsserts":4,"retryReasons":[],"status":"passed","title":"should return 404 for non-existent document"},{"ancestorTitles":["Document API Endpoints","POST /api/documents/:documentId/process"],"duration":102,"failureDetails":[],"failureMessages":[],"fullName":"Document API Endpoints POST /api/documents/:documentId/process should trigger document processing","invocations":1,"location":null,"numPassingAsserts":2,"retryReasons":[],"status":"passed","title":"should trigger document processing"},{"ancestorTitles":["Document API Endpoints","POST /api/documents/:documentId/process"],"duration":75,"failureDetails":[],"failureMessages":[],"fullName":"Document API Endpoints POST /api/documents/:documentId/process should require session ID","invocations":1,"location":null,"numPassingAsserts":3,"retryReasons":[],"status":"passed","title":"should require session ID"},{"ancestorTitles":["Document API Endpoints","POST /api/documents/:documentId/process"],"duration":50,"failureDetails":[],"failureMessages":[],"fullName":"Document API Endpoints POST /api/documents/:documentId/process should require API key","invocations":1,"location":null,"numPassingAsserts":3,"retryReasons":[],"status":"passed","title":"should require API key"},{"ancestorTitles":["Document API Endpoints","POST /api/documents/:documentId/process"],"duration":96,"failureDetails":[],"failureMessages":[],"fullName":"Document API Endpoints POST /api/documents/:documentId/process should return 404 for non-existent document","invocations":1,"location":null,"numPassingAsserts":4,"retryReasons":[],"status":"passed","title":"should return 404 for non-existent document"},{"ancestorTitles":["Document API Endpoints","GET /api/documents/stats"],"duration":135,"failureDetails":[],"failureMessages":[],"fullName":"Document API Endpoints GET /api/documents/stats should return document statistics","invocations":1,"location":null,"numPassingAsserts":7,"retryReasons":[],"status":"passed","title":"should return document statistics"},{"ancestorTitles":["Document API Endpoints","GET /api/documents/stats"],"duration":40,"failureDetails":[],"failureMessages":[],"fullName":"Document API Endpoints GET /api/documents/stats should require API key","invocations":1,"location":null,"numPassingAsserts":3,"retryReasons":[],"status":"passed","title":"should require API key"},{"ancestorTitles":["Document API Endpoints","GET /api/documents/health"],"duration":60,"failureDetails":[],"failureMessages":[],"fullName":"Document API Endpoints GET /api/documents/health should return document service health","invocations":1,"location":null,"numPassingAsserts":2,"retryReasons":[],"status":"passed","title":"should return document service health"}],"endTime":1759716624365,"message":"","name":"C:\\Users\\jiale\\OneDrive\\Documents\\Chat-engine\\tests\\api\\documents.test.ts","startTime":1759716619549,"status":"passed","summary":""},{"assertionResults":[{"ancestorTitles":["Job API Endpoints","POST /api/jobs"],"duration":104,"failureDetails":[],"failureMessages":[],"fullName":"Job API Endpoints POST /api/jobs should create a new job","invocations":1,"location":null,"numPassingAsserts":8,"retryReasons":[],"status":"passed","title":"should create a new job"},{"ancestorTitles":["Job API Endpoints","POST /api/jobs"],"duration":70,"failureDetails":[],"failureMessages":[],"fullName":"Job API Endpoints POST /api/jobs should validate job type","invocations":1,"location":null,"numPassingAsserts":4,"retryReasons":[],"status":"passed","title":"should validate job type"},{"ancestorTitles":["Job API Endpoints","POST /api/jobs"],"duration":81,"failureDetails":[],"failureMessages":[],"fullName":"Job API Endpoints POST /api/jobs should require session ID","invocations":1,"location":null,"numPassingAsserts":3,"retryReasons":[],"status":"passed","title":"should require session ID"},{"ancestorTitles":["Job API Endpoints","POST /api/jobs"],"duration":47,"failureDetails":[],"failureMessages":[],"fullName":"Job API Endpoints POST /api/jobs should require API key","invocations":1,"location":null,"numPassingAsserts":3,"retryReasons":[],"status":"passed","title":"should require API key"},{"ancestorTitles":["Job API Endpoints","POST /api/jobs"],"duration":68,"failureDetails":[],"failureMessages":[],"fullName":"Job API Endpoints POST /api/jobs should validate required fields","invocations":1,"location":null,"numPassingAsserts":3,"retryReasons":[],"status":"passed","title":"should validate required fields"},{"ancestorTitles":["Job API Endpoints","POST /api/jobs"],"duration":136,"failureDetails":[],"failureMessages":[],"fullName":"Job API Endpoints POST /api/jobs should set default priority","invocations":1,"location":null,"numPassingAsserts":1,"retryReasons":[],"status":"passed","title":"should set default priority"},{"ancestorTitles":["Job API Endpoints","GET /api/jobs/:jobId"],"duration":127,"failureDetails":[],"failureMessages":[],"fullName":"Job API Endpoints GET /api/jobs/:jobId should get job by ID","invocations":1,"location":null,"numPassingAsserts":7,"retryReasons":[],"status":"passed","title":"should get job by ID"},{"ancestorTitles":["Job API Endpoints","GET /api/jobs/:jobId"],"duration":76,"failureDetails":[],"failureMessages":[],"fullName":"Job API Endpoints GET /api/jobs/:jobId should include job data and result","invocations":1,"location":null,"numPassingAsserts":1,"retryReasons":[],"status":"passed","title":"should include job data and result"},{"ancestorTitles":["Job API Endpoints","GET /api/jobs/:jobId"],"duration":69,"failureDetails":[],"failureMessages":[],"fullName":"Job API Endpoints GET /api/jobs/:jobId should require session ID","invocations":1,"location":null,"numPassingAsserts":3,"retryReasons":[],"status":"passed","title":"should require session ID"},{"ancestorTitles":["Job API Endpoints","GET /api/jobs/:jobId"],"duration":51,"failureDetails":[],"failureMessages":[],"fullName":"Job API Endpoints GET /api/jobs/:jobId should require API key","invocations":1,"location":null,"numPassingAsserts":3,"retryReasons":[],"status":"passed","title":"should require API key"},{"ancestorTitles":["Job API Endpoints","GET /api/jobs/:jobId"],"duration":93,"failureDetails":[],"failureMessages":[],"fullName":"Job API Endpoints GET /api/jobs/:jobId should return 404 for non-existent job","invocations":1,"location":null,"numPassingAsserts":4,"retryReasons":[],"status":"passed","title":"should return 404 for non-existent job"},{"ancestorTitles":["Job API Endpoints","GET /api/jobs/:jobId"],"duration":82,"failureDetails":[],"failureMessages":[],"fullName":"Job API Endpoints GET /api/jobs/:jobId should validate job ID format","invocations":1,"location":null,"numPassingAsserts":3,"retryReasons":[],"status":"passed","title":"should validate job ID format"},{"ancestorTitles":["Job API Endpoints","GET /api/jobs"],"duration":94,"failureDetails":[],"failureMessages":[],"fullName":"Job API Endpoints GET /api/jobs should get jobs for session","invocations":1,"location":null,"numPassingAsserts":3,"retryReasons":[],"status":"passed","title":"should get jobs for session"},{"ancestorTitles":["Job API Endpoints","GET /api/jobs"],"duration":78,"failureDetails":[],"failureMessages":[],"fullName":"Job API Endpoints GET /api/jobs should support pagination","invocations":1,"location":null,"numPassingAsserts":3,"retryReasons":[],"status":"passed","title":"should support pagination"},{"ancestorTitles":["Job API Endpoints","GET /api/jobs"],"duration":84,"failureDetails":[],"failureMessages":[],"fullName":"Job API Endpoints GET /api/jobs should filter by job type","invocations":1,"location":null,"numPassingAsserts":2,"retryReasons":[],"status":"passed","title":"should filter by job type"},{"ancestorTitles":["Job API Endpoints","GET /api/jobs"],"duration":79,"failureDetails":[],"failureMessages":[],"fullName":"Job API Endpoints GET /api/jobs should filter by status","invocations":1,"location":null,"numPassingAsserts":2,"retryReasons":[],"status":"passed","title":"should filter by status"},{"ancestorTitles":["Job API Endpoints","GET /api/jobs"],"duration":88,"failureDetails":[],"failureMessages":[],"fullName":"Job API Endpoints GET /api/jobs should sort by creation date","invocations":1,"location":null,"numPassingAsserts":2,"retryReasons":[],"status":"passed","title":"should sort by creation date"},{"ancestorTitles":["Job API Endpoints","GET /api/jobs"],"duration":65,"failureDetails":[],"failureMessages":[],"fullName":"Job API Endpoints GET /api/jobs should require session ID","invocations":1,"location":null,"numPassingAsserts":3,"retryReasons":[],"status":"passed","title":"should require session ID"},{"ancestorTitles":["Job API Endpoints","GET /api/jobs"],"duration":45,"failureDetails":[],"failureMessages":[],"fullName":"Job API Endpoints GET /api/jobs should require API key","invocations":1,"location":null,"numPassingAsserts":3,"retryReasons":[],"status":"passed","title":"should require API key"},{"ancestorTitles":["Job API Endpoints","POST /api/jobs/:jobId/cancel"],"duration":91,"failureDetails":[],"failureMessages":[],"fullName":"Job API Endpoints POST /api/jobs/:jobId/cancel should cancel pending job","invocations":1,"location":null,"numPassingAsserts":2,"retryReasons":[],"status":"passed","title":"should cancel pending job"},{"ancestorTitles":["Job API Endpoints","POST /api/jobs/:jobId/cancel"],"duration":86,"failureDetails":[],"failureMessages":[],"fullName":"Job API Endpoints POST /api/jobs/:jobId/cancel should not cancel completed job","invocations":1,"location":null,"numPassingAsserts":4,"retryReasons":[],"status":"passed","title":"should not cancel completed job"},{"ancestorTitles":["Job API Endpoints","POST /api/jobs/:jobId/cancel"],"duration":66,"failureDetails":[],"failureMessages":[],"fullName":"Job API Endpoints POST /api/jobs/:jobId/cancel should require session ID","invocations":1,"location":null,"numPassingAsserts":3,"retryReasons":[],"status":"passed","title":"should require session ID"},{"ancestorTitles":["Job API Endpoints","POST /api/jobs/:jobId/cancel"],"duration":58,"failureDetails":[],"failureMessages":[],"fullName":"Job API Endpoints POST /api/jobs/:jobId/cancel should require API key","invocations":1,"location":null,"numPassingAsserts":3,"retryReasons":[],"status":"passed","title":"should require API key"},{"ancestorTitles":["Job API Endpoints","POST /api/jobs/:jobId/cancel"],"duration":80,"failureDetails":[],"failureMessages":[],"fullName":"Job API Endpoints POST /api/jobs/:jobId/cancel should return 404 for non-existent job","invocations":1,"location":null,"numPassingAsserts":4,"retryReasons":[],"status":"passed","title":"should return 404 for non-existent job"},{"ancestorTitles":["Job API Endpoints","DELETE /api/jobs/:jobId"],"duration":168,"failureDetails":[],"failureMessages":[],"fullName":"Job API Endpoints DELETE /api/jobs/:jobId should delete job","invocations":1,"location":null,"numPassingAsserts":1,"retryReasons":[],"status":"passed","title":"should delete job"},{"ancestorTitles":["Job API Endpoints","DELETE /api/jobs/:jobId"],"duration":75,"failureDetails":[],"failureMessages":[],"fullName":"Job API Endpoints DELETE /api/jobs/:jobId should require session ID","invocations":1,"location":null,"numPassingAsserts":3,"retryReasons":[],"status":"passed","title":"should require session ID"},{"ancestorTitles":["Job API Endpoints","DELETE /api/jobs/:jobId"],"duration":45,"failureDetails":[],"failureMessages":[],"fullName":"Job API Endpoints DELETE /api/jobs/:jobId should require API key","invocations":1,"location":null,"numPassingAsserts":3,"retryReasons":[],"status":"passed","title":"should require API key"},{"ancestorTitles":["Job API Endpoints","DELETE /api/jobs/:jobId"],"duration":89,"failureDetails":[],"failureMessages":[],"fullName":"Job API Endpoints DELETE /api/jobs/:jobId should return 404 for non-existent job","invocations":1,"location":null,"numPassingAsserts":4,"retryReasons":[],"status":"passed","title":"should return 404 for non-existent job"},{"ancestorTitles":["Job API Endpoints","GET /api/jobs/stats"],"duration":82,"failureDetails":[],"failureMessages":[],"fullName":"Job API Endpoints GET /api/jobs/stats should return job statistics","invocations":1,"location":null,"numPassingAsserts":6,"retryReasons":[],"status":"passed","title":"should return job statistics"},{"ancestorTitles":["Job API Endpoints","GET /api/jobs/stats"],"duration":108,"failureDetails":[],"failureMessages":[],"fullName":"Job API Endpoints GET /api/jobs/stats should include status breakdown","invocations":1,"location":null,"numPassingAsserts":3,"retryReasons":[],"status":"passed","title":"should include status breakdown"},{"ancestorTitles":["Job API Endpoints","GET /api/jobs/stats"],"duration":78,"failureDetails":[],"failureMessages":[],"fullName":"Job API Endpoints GET /api/jobs/stats should require API key","invocations":1,"location":null,"numPassingAsserts":3,"retryReasons":[],"status":"passed","title":"should require API key"},{"ancestorTitles":["Job API Endpoints","POST /api/jobs/cleanup"],"duration":105,"failureDetails":[],"failureMessages":[],"fullName":"Job API Endpoints POST /api/jobs/cleanup should cleanup old jobs","invocations":1,"location":null,"numPassingAsserts":2,"retryReasons":[],"status":"passed","title":"should cleanup old jobs"},{"ancestorTitles":["Job API Endpoints","POST /api/jobs/cleanup"],"duration":52,"failureDetails":[],"failureMessages":[],"fullName":"Job API Endpoints POST /api/jobs/cleanup should require API key","invocations":1,"location":null,"numPassingAsserts":3,"retryReasons":[],"status":"passed","title":"should require API key"},{"ancestorTitles":["Job API Endpoints","GET /api/jobs/health"],"duration":68,"failureDetails":[],"failureMessages":[],"fullName":"Job API Endpoints GET /api/jobs/health should return job service health","invocations":1,"location":null,"numPassingAsserts":3,"retryReasons":[],"status":"passed","title":"should return job service health"}],"endTime":1759716628276,"message":"","name":"C:\\Users\\jiale\\OneDrive\\Documents\\Chat-engine\\tests\\api\\jobs.test.ts","startTime":1759716624378,"status":"passed","summary":""},{"assertionResults":[{"ancestorTitles":["Session API Endpoints","POST /api/sessions"],"duration":87,"failureDetails":[],"failureMessages":[],"fullName":"Session API Endpoints POST /api/sessions should create a new session","invocations":1,"location":null,"numPassingAsserts":8,"retryReasons":[],"status":"passed","title":"should create a new session"},{"ancestorTitles":["Session API Endpoints","POST /api/sessions"],"duration":40,"failureDetails":[],"failureMessages":[],"fullName":"Session API Endpoints POST /api/sessions should require API key","invocations":1,"location":null,"numPassingAsserts":3,"retryReasons":[],"status":"passed","title":"should require API key"},{"ancestorTitles":["Session API Endpoints","POST /api/sessions"],"duration":67,"failureDetails":[],"failureMessages":[],"fullName":"Session API Endpoints POST /api/sessions should create session with empty body (all fields optional)","invocations":1,"location":null,"numPassingAsserts":7,"retryReasons":[],"status":"passed","title":"should create session with empty body (all fields optional)"},{"ancestorTitles":["Session API Endpoints","POST /api/sessions"],"duration":105,"failureDetails":[],"failureMessages":[],"fullName":"Session API Endpoints POST /api/sessions should handle duplicate clientId gracefully","invocations":1,"location":null,"numPassingAsserts":2,"retryReasons":[],"status":"passed","title":"should handle duplicate clientId gracefully"},{"ancestorTitles":["Session API Endpoints","GET /api/sessions/:sessionId"],"duration":57,"failureDetails":[],"failureMessages":[],"fullName":"Session API Endpoints GET /api/sessions/:sessionId should get session by ID","invocations":1,"location":null,"numPassingAsserts":6,"retryReasons":[],"status":"passed","title":"should get session by ID"},{"ancestorTitles":["Session API Endpoints","GET /api/sessions/:sessionId"],"duration":39,"failureDetails":[],"failureMessages":[],"fullName":"Session API Endpoints GET /api/sessions/:sessionId should require API key","invocations":1,"location":null,"numPassingAsserts":3,"retryReasons":[],"status":"passed","title":"should require API key"},{"ancestorTitles":["Session API Endpoints","GET /api/sessions/:sessionId"],"duration":77,"failureDetails":[],"failureMessages":[],"fullName":"Session API Endpoints GET /api/sessions/:sessionId should return 404 for non-existent session","invocations":1,"location":null,"numPassingAsserts":4,"retryReasons":[],"status":"passed","title":"should return 404 for non-existent session"},{"ancestorTitles":["Session API Endpoints","GET /api/sessions/:sessionId"],"duration":60,"failureDetails":[],"failureMessages":[],"fullName":"Session API Endpoints GET /api/sessions/:sessionId should validate session ID format","invocations":1,"location":null,"numPassingAsserts":3,"retryReasons":[],"status":"passed","title":"should validate session ID format"},{"ancestorTitles":["Session API Endpoints","PUT /api/sessions/:sessionId"],"duration":80,"failureDetails":[],"failureMessages":[],"fullName":"Session API Endpoints PUT /api/sessions/:sessionId should update session metadata","invocations":1,"location":null,"numPassingAsserts":6,"retryReasons":[],"status":"passed","title":"should update session metadata"},{"ancestorTitles":["Session API Endpoints","PUT /api/sessions/:sessionId"],"duration":68,"failureDetails":[],"failureMessages":[],"fullName":"Session API Endpoints PUT /api/sessions/:sessionId should update last activity timestamp","invocations":1,"location":null,"numPassingAsserts":2,"retryReasons":[],"status":"passed","title":"should update last activity timestamp"},{"ancestorTitles":["Session API Endpoints","PUT /api/sessions/:sessionId"],"duration":38,"failureDetails":[],"failureMessages":[],"fullName":"Session API Endpoints PUT /api/sessions/:sessionId should require API key","invocations":1,"location":null,"numPassingAsserts":3,"retryReasons":[],"status":"passed","title":"should require API key"},{"ancestorTitles":["Session API Endpoints","PUT /api/sessions/:sessionId"],"duration":75,"failureDetails":[],"failureMessages":[],"fullName":"Session API Endpoints PUT /api/sessions/:sessionId should return 404 for non-existent session","invocations":1,"location":null,"numPassingAsserts":4,"retryReasons":[],"status":"passed","title":"should return 404 for non-existent session"},{"ancestorTitles":["Session API Endpoints","DELETE /api/sessions/:sessionId"],"duration":116,"failureDetails":[],"failureMessages":[],"fullName":"Session API Endpoints DELETE /api/sessions/:sessionId should deactivate session","invocations":1,"location":null,"numPassingAsserts":2,"retryReasons":[],"status":"passed","title":"should deactivate session"},{"ancestorTitles":["Session API Endpoints","DELETE /api/sessions/:sessionId"],"duration":48,"failureDetails":[],"failureMessages":[],"fullName":"Session API Endpoints DELETE /api/sessions/:sessionId should require API key","invocations":1,"location":null,"numPassingAsserts":3,"retryReasons":[],"status":"passed","title":"should require API key"},{"ancestorTitles":["Session API Endpoints","DELETE /api/sessions/:sessionId"],"duration":66,"failureDetails":[],"failureMessages":[],"fullName":"Session API Endpoints DELETE /api/sessions/:sessionId should return 404 for non-existent session","invocations":1,"location":null,"numPassingAsserts":4,"retryReasons":[],"status":"passed","title":"should return 404 for non-existent session"},{"ancestorTitles":["Session API Endpoints","GET /api/sessions/client/:clientId"],"duration":60,"failureDetails":[],"failureMessages":[],"fullName":"Session API Endpoints GET /api/sessions/client/:clientId should get sessions by client ID","invocations":1,"location":null,"numPassingAsserts":3,"retryReasons":[],"status":"passed","title":"should get sessions by client ID"},{"ancestorTitles":["Session API Endpoints","GET /api/sessions/client/:clientId"],"duration":51,"failureDetails":[],"failureMessages":[],"fullName":"Session API Endpoints GET /api/sessions/client/:clientId should require API key","invocations":1,"location":null,"numPassingAsserts":3,"retryReasons":[],"status":"passed","title":"should require API key"},{"ancestorTitles":["Session API Endpoints","GET /api/sessions/client/:clientId"],"duration":67,"failureDetails":[],"failureMessages":[],"fullName":"Session API Endpoints GET /api/sessions/client/:clientId should return empty array for non-existent client","invocations":1,"location":null,"numPassingAsserts":2,"retryReasons":[],"status":"passed","title":"should return empty array for non-existent client"},{"ancestorTitles":["Session API Endpoints","GET /api/sessions/health"],"duration":53,"failureDetails":[],"failureMessages":[],"fullName":"Session API Endpoints GET /api/sessions/health should return session service health","invocations":1,"location":null,"numPassingAsserts":4,"retryReasons":[],"status":"passed","title":"should return session service health"}],"endTime":1759716630624,"message":"","name":"C:\\Users\\jiale\\OneDrive\\Documents\\Chat-engine\\tests\\api\\sessions.test.ts","startTime":1759716628288,"status":"passed","summary":""},{"assertionResults":[{"ancestorTitles":["Health API Endpoints","GET /health"],"duration":48,"failureDetails":[],"failureMessages":[],"fullName":"Health API Endpoints GET /health should return basic health status","invocations":1,"location":null,"numPassingAsserts":4,"retryReasons":[],"status":"passed","title":"should return basic health status"},{"ancestorTitles":["Health API Endpoints","GET /api/health"],"duration":44,"failureDetails":[],"failureMessages":[],"fullName":"Health API Endpoints GET /api/health should return detailed health status","invocations":1,"location":null,"numPassingAsserts":7,"retryReasons":[],"status":"passed","title":"should return detailed health status"},{"ancestorTitles":["Health API Endpoints","GET /api/health"],"duration":41,"failureDetails":[],"failureMessages":[],"fullName":"Health API Endpoints GET /api/health should include service endpoints","invocations":1,"location":null,"numPassingAsserts":3,"retryReasons":[],"status":"passed","title":"should include service endpoints"},{"ancestorTitles":["Health API Endpoints","GET /api/health/detailed"],"duration":50,"failureDetails":[],"failureMessages":[],"fullName":"Health API Endpoints GET /api/health/detailed should return comprehensive health check","invocations":1,"location":null,"numPassingAsserts":5,"retryReasons":[],"status":"passed","title":"should return comprehensive health check"},{"ancestorTitles":["Health API Endpoints","GET /api/health/detailed"],"duration":48,"failureDetails":[],"failureMessages":[],"fullName":"Health API Endpoints GET /api/health/detailed should check all service endpoints","invocations":1,"location":null,"numPassingAsserts":5,"retryReasons":[],"status":"passed","title":"should check all service endpoints"},{"ancestorTitles":["Health API Endpoints","GET /"],"duration":49,"failureDetails":[],"failureMessages":[],"fullName":"Health API Endpoints GET / should return API information","invocations":1,"location":null,"numPassingAsserts":4,"retryReasons":[],"status":"passed","title":"should return API information"},{"ancestorTitles":["Health API Endpoints","GET /api"],"duration":37,"failureDetails":[],"failureMessages":[],"fullName":"Health API Endpoints GET /api should return API documentation","invocations":1,"location":null,"numPassingAsserts":5,"retryReasons":[],"status":"passed","title":"should return API documentation"}],"endTime":1759716631975,"message":"","name":"C:\\Users\\jiale\\OneDrive\\Documents\\Chat-engine\\tests\\api\\health.test.ts","startTime":1759716630633,"status":"passed","summary":""}],"wasInterrupted":false}
